# JRE version: OpenJDK Runtime Environment Temurin-11.0.14.1+1 (11.0.14.1+1) (build 11.0.14.1+1)
# Java VM: OpenJDK 64-Bit Server VM Temurin-11.0.14.1+1 (11.0.14.1+1, mixed mode, tiered, compressed oops, g1 gc, windows-amd64)
Heap:
 garbage-first heap   total 460800K, used 446346K [0x0000000083800000, 0x0000000100000000)
  region size 1024K, 2 young (2048K), 1 survivors (1024K)
 Metaspace       used 93260K, capacity 96738K, committed 97408K, reserved 1132544K
  class space    used 12239K, capacity 13941K, committed 14208K, reserved 1048576K
GC Heap History (20 events):
Event: 229.513 GC heap before
{Heap before GC invocations=35 (full 0):
 garbage-first heap   total 455680K, used 371930K [0x0000000083800000, 0x0000000100000000)
  region size 1024K, 19 young (19456K), 8 survivors (8192K)
 Metaspace       used 93178K, capacity 96656K, committed 97152K, reserved 1132544K
  class space    used 12231K, capacity 13938K, committed 14208K, reserved 1048576K
}
Event: 229.520 GC heap after
{Heap after GC invocations=36 (full 0):
 garbage-first heap   total 455680K, used 357545K [0x0000000083800000, 0x0000000100000000)
  region size 1024K, 2 young (2048K), 2 survivors (2048K)
 Metaspace       used 93178K, capacity 96656K, committed 97152K, reserved 1132544K
  class space    used 12231K, capacity 13938K, committed 14208K, reserved 1048576K
}
Event: 229.718 GC heap before
{Heap before GC invocations=37 (full 0):
 garbage-first heap   total 455680K, used 346281K [0x0000000083800000, 0x0000000100000000)
  region size 1024K, 3 young (3072K), 2 survivors (2048K)
 Metaspace       used 93178K, capacity 96656K, committed 97152K, reserved 1132544K
  class space    used 12231K, capacity 13938K, committed 14208K, reserved 1048576K
}
Event: 229.722 GC heap after
{Heap after GC invocations=38 (full 0):
 garbage-first heap   total 455680K, used 345315K [0x0000000083800000, 0x0000000100000000)
  region size 1024K, 1 young (1024K), 1 survivors (1024K)
 Metaspace       used 93178K, capacity 96656K, committed 97152K, reserved 1132544K
  class space    used 12231K, capacity 13938K, committed 14208K, reserved 1048576K
}
Event: 230.009 GC heap before
{Heap before GC invocations=39 (full 0):
 garbage-first heap   total 455680K, used 346339K [0x0000000083800000, 0x0000000100000000)
  region size 1024K, 3 young (3072K), 1 survivors (1024K)
 Metaspace       used 93249K, capacity 96732K, committed 97408K, reserved 1132544K
  class space    used 12239K, capacity 13940K, committed 14208K, reserved 1048576K
}
Event: 230.054 GC heap after
{Heap after GC invocations=40 (full 0):
 garbage-first heap   total 455680K, used 345032K [0x0000000083800000, 0x0000000100000000)
  region size 1024K, 1 young (1024K), 1 survivors (1024K)
 Metaspace       used 93249K, capacity 96732K, committed 97408K, reserved 1132544K
  class space    used 12239K, capacity 13940K, committed 14208K, reserved 1048576K
}
Event: 231.011 GC heap before
{Heap before GC invocations=41 (full 0):
 garbage-first heap   total 455680K, used 344008K [0x0000000083800000, 0x0000000100000000)
  region size 1024K, 2 young (2048K), 1 survivors (1024K)
 Metaspace       used 93259K, capacity 96738K, committed 97408K, reserved 1132544K
  class space    used 12239K, capacity 13941K, committed 14208K, reserved 1048576K
}
Event: 231.015 GC heap after
{Heap after GC invocations=42 (full 0):
 garbage-first heap   total 455680K, used 343946K [0x0000000083800000, 0x0000000100000000)
  region size 1024K, 1 young (1024K), 1 survivors (1024K)
 Metaspace       used 93259K, capacity 96738K, committed 97408K, reserved 1132544K
  class space    used 12239K, capacity 13941K, committed 14208K, reserved 1048576K
}
Event: 231.460 GC heap before
{Heap before GC invocations=43 (full 0):
 garbage-first heap   total 455680K, used 354186K [0x0000000083800000, 0x0000000100000000)
  region size 1024K, 2 young (2048K), 1 survivors (1024K)
 Metaspace       used 93260K, capacity 96738K, committed 97408K, reserved 1132544K
  class space    used 12239K, capacity 13941K, committed 14208K, reserved 1048576K
}
Event: 231.463 GC heap after
{Heap after GC invocations=44 (full 0):
 garbage-first heap   total 455680K, used 354194K [0x0000000083800000, 0x0000000100000000)
  region size 1024K, 1 young (1024K), 1 survivors (1024K)
 Metaspace       used 93260K, capacity 96738K, committed 97408K, reserved 1132544K
  class space    used 12239K, capacity 13941K, committed 14208K, reserved 1048576K
}
Event: 231.934 GC heap before
{Heap before GC invocations=45 (full 0):
 garbage-first heap   total 455680K, used 359314K [0x0000000083800000, 0x0000000100000000)
  region size 1024K, 2 young (2048K), 1 survivors (1024K)
 Metaspace       used 93260K, capacity 96738K, committed 97408K, reserved 1132544K
  class space    used 12239K, capacity 13941K, committed 14208K, reserved 1048576K
}
Event: 231.937 GC heap after
{Heap after GC invocations=46 (full 0):
 garbage-first heap   total 455680K, used 359305K [0x0000000083800000, 0x0000000100000000)
  region size 1024K, 1 young (1024K), 1 survivors (1024K)
 Metaspace       used 93260K, capacity 96738K, committed 97408K, reserved 1132544K
  class space    used 12239K, capacity 13941K, committed 14208K, reserved 1048576K
}
Event: 232.166 GC heap before
{Heap before GC invocations=47 (full 0):
 garbage-first heap   total 455680K, used 364425K [0x0000000083800000, 0x0000000100000000)
  region size 1024K, 2 young (2048K), 1 survivors (1024K)
 Metaspace       used 93260K, capacity 96738K, committed 97408K, reserved 1132544K
  class space    used 12239K, capacity 13941K, committed 14208K, reserved 1048576K
}
Event: 232.170 GC heap after
{Heap after GC invocations=48 (full 0):
 garbage-first heap   total 455680K, used 364424K [0x0000000083800000, 0x0000000100000000)
  region size 1024K, 1 young (1024K), 1 survivors (1024K)
 Metaspace       used 93260K, capacity 96738K, committed 97408K, reserved 1132544K
  class space    used 12239K, capacity 13941K, committed 14208K, reserved 1048576K
}
Event: 232.348 GC heap before
{Heap before GC invocations=49 (full 0):
 garbage-first heap   total 455680K, used 379784K [0x0000000083800000, 0x0000000100000000)
  region size 1024K, 2 young (2048K), 1 survivors (1024K)
 Metaspace       used 93260K, capacity 96738K, committed 97408K, reserved 1132544K
  class space    used 12239K, capacity 13941K, committed 14208K, reserved 1048576K
}
Event: 232.351 GC heap after
{Heap after GC invocations=50 (full 0):
 garbage-first heap   total 455680K, used 379787K [0x0000000083800000, 0x0000000100000000)
  region size 1024K, 1 young (1024K), 1 survivors (1024K)
 Metaspace       used 93260K, capacity 96738K, committed 97408K, reserved 1132544K
  class space    used 12239K, capacity 13941K, committed 14208K, reserved 1048576K
}
Event: 232.525 GC heap before
{Heap before GC invocations=51 (full 0):
 garbage-first heap   total 455680K, used 405387K [0x0000000083800000, 0x0000000100000000)
  region size 1024K, 2 young (2048K), 1 survivors (1024K)
 Metaspace       used 93260K, capacity 96738K, committed 97408K, reserved 1132544K
  class space    used 12239K, capacity 13941K, committed 14208K, reserved 1048576K
}
Event: 232.527 GC heap after
{Heap after GC invocations=52 (full 0):
 garbage-first heap   total 455680K, used 405386K [0x0000000083800000, 0x0000000100000000)
  region size 1024K, 1 young (1024K), 1 survivors (1024K)
 Metaspace       used 93260K, capacity 96738K, committed 97408K, reserved 1132544K
  class space    used 12239K, capacity 13941K, committed 14208K, reserved 1048576K
}
Event: 232.668 GC heap before
{Heap before GC invocations=53 (full 0):
 garbage-first heap   total 455680K, used 430986K [0x0000000083800000, 0x0000000100000000)
  region size 1024K, 2 young (2048K), 1 survivors (1024K)
 Metaspace       used 93260K, capacity 96738K, committed 97408K, reserved 1132544K
  class space    used 12239K, capacity 13941K, committed 14208K, reserved 1048576K
}
Event: 232.672 GC heap after
{Heap after GC invocations=54 (full 0):
 garbage-first heap   total 455680K, used 430986K [0x0000000083800000, 0x0000000100000000)
  region size 1024K, 1 young (1024K), 1 survivors (1024K)
 Metaspace       used 93260K, capacity 96738K, committed 97408K, reserved 1132544K
  class space    used 12239K, capacity 13941K, committed 14208K, reserved 1048576K
}

